0 info it worked if it ends with ok
1 verbose cli [ '/usr/bin/node', '/usr/bin/npm', 'install', '-g', 'node-gyp' ]
2 info using npm@3.5.2
3 info using node@v8.10.0
4 silly loadCurrentTree Starting
5 silly install loadCurrentTree
6 silly install readGlobalPackageData
7 silly fetchPackageMetaData node-gyp
8 silly fetchNamedPackageData node-gyp
9 silly mapToRegistry name node-gyp
10 silly mapToRegistry using default registry
11 silly mapToRegistry registry https://registry.npmjs.org/
12 silly mapToRegistry uri https://registry.npmjs.org/node-gyp
13 verbose request uri https://registry.npmjs.org/node-gyp
14 verbose request no auth needed
15 info attempt registry request try #1 at 10:05:33 PM
16 verbose request id d5a74dfebcaa366a
17 http request GET https://registry.npmjs.org/node-gyp
18 info retry will retry, error on last attempt: Error: connect ECONNREFUSED 104.16.19.35:443
19 info attempt registry request try #2 at 10:06:58 PM
20 http request GET https://registry.npmjs.org/node-gyp
21 info retry will retry, error on last attempt: Error: connect ECONNREFUSED 104.16.18.35:443
22 info attempt registry request try #3 at 10:09:13 PM
23 http request GET https://registry.npmjs.org/node-gyp
24 silly fetchPackageMetaData Error: connect ECONNREFUSED 104.16.16.35:443
24 silly fetchPackageMetaData     at Object._errnoException (util.js:1022:11)
24 silly fetchPackageMetaData     at _exceptionWithHostPort (util.js:1044:20)
24 silly fetchPackageMetaData     at TCPConnectWrap.afterConnect [as oncomplete] (net.js:1198:14)
24 silly fetchPackageMetaData  error for node-gyp { Error: connect ECONNREFUSED 104.16.16.35:443
24 silly fetchPackageMetaData     at Object._errnoException (util.js:1022:11)
24 silly fetchPackageMetaData     at _exceptionWithHostPort (util.js:1044:20)
24 silly fetchPackageMetaData     at TCPConnectWrap.afterConnect [as oncomplete] (net.js:1198:14)
24 silly fetchPackageMetaData   code: 'ECONNREFUSED',
24 silly fetchPackageMetaData   errno: 'ECONNREFUSED',
24 silly fetchPackageMetaData   syscall: 'connect',
24 silly fetchPackageMetaData   address: '104.16.16.35',
24 silly fetchPackageMetaData   port: 443 }
25 silly rollbackFailedOptional Starting
26 silly rollbackFailedOptional Finishing
27 silly runTopLevelLifecycles Starting
28 silly runTopLevelLifecycles Finishing
29 silly install printInstalled
30 verbose stack Error: connect ECONNREFUSED 104.16.16.35:443
30 verbose stack     at Object._errnoException (util.js:1022:11)
30 verbose stack     at _exceptionWithHostPort (util.js:1044:20)
30 verbose stack     at TCPConnectWrap.afterConnect [as oncomplete] (net.js:1198:14)
31 verbose cwd /home/nets212/git/G09
32 error Linux 4.15.0-33-generic
33 error argv "/usr/bin/node" "/usr/bin/npm" "install" "-g" "node-gyp"
34 error node v8.10.0
35 error npm  v3.5.2
36 error code ECONNREFUSED
37 error errno ECONNREFUSED
38 error syscall connect
39 error Error: connect ECONNREFUSED 104.16.16.35:443
39 error     at Object._errnoException (util.js:1022:11)
39 error     at _exceptionWithHostPort (util.js:1044:20)
39 error     at TCPConnectWrap.afterConnect [as oncomplete] (net.js:1198:14)
39 error  { Error: connect ECONNREFUSED 104.16.16.35:443
39 error     at Object._errnoException (util.js:1022:11)
39 error     at _exceptionWithHostPort (util.js:1044:20)
39 error     at TCPConnectWrap.afterConnect [as oncomplete] (net.js:1198:14)
39 error   code: 'ECONNREFUSED',
39 error   errno: 'ECONNREFUSED',
39 error   syscall: 'connect',
39 error   address: '104.16.16.35',
39 error   port: 443 }
40 error If you are behind a proxy, please make sure that the
40 error 'proxy' config is set properly.  See: 'npm help config'
41 verbose exit [ 1, true ]
